c:\users\owner\source\repos\fwgp\fwgp\x64\release\vc143.pdb
c:\users\owner\source\repos\fwgp\fwgp\x64\release\dllmain.obj
c:\users\owner\source\repos\fwgp\x64\release\fwgp.dll
c:\users\owner\source\repos\fwgp\x64\release\fwgp.pdb
c:\users\owner\source\repos\fwgp\x64\release\fwgp.lib
c:\users\owner\source\repos\fwgp\x64\release\fwgp.exp
c:\users\owner\source\repos\fwgp\fwgp\x64\release\fwgp.ipdb
c:\users\owner\source\repos\fwgp\fwgp\x64\release\fwgp.iobj
d:\project\fwgp\fwgp\x64\release\dllmain.obj
d:\project\fwgp\fwgp\x64\release\fwgp.ipdb
d:\project\fwgp\fwgp\x64\release\fwgp.iobj
d:\project\fwgp\fwgp\x64\release\vc143.pdb
d:\project\fwgp\x64\release\fwgp.pdb
d:\project\fwgp\x64\release\fwgp.dll
d:\project\fwgp\fwgp\x64\release\fwgp.tlog\cl.command.1.tlog
d:\project\fwgp\fwgp\x64\release\fwgp.tlog\cl.items.tlog
d:\project\fwgp\fwgp\x64\release\fwgp.tlog\cl.read.1.tlog
d:\project\fwgp\fwgp\x64\release\fwgp.tlog\cl.write.1.tlog
d:\project\fwgp\fwgp\x64\release\fwgp.tlog\link.command.1.tlog
d:\project\fwgp\fwgp\x64\release\fwgp.tlog\link.read.1.tlog
d:\project\fwgp\fwgp\x64\release\fwgp.tlog\link.secondary.1.tlog
d:\project\fwgp\fwgp\x64\release\fwgp.tlog\link.write.1.tlog
